# JRE version: Java(TM) SE Runtime Environment (17.0.2+8) (build 17.0.2+8-LTS-86)
# Java VM: Java HotSpot(TM) 64-Bit Server VM (17.0.2+8-LTS-86, mixed mode, sharing, tiered, compressed oops, compressed class ptrs, g1 gc, windows-amd64)
GC Precious Log:
 CPUs: 4 total, 4 available
 Memory: 16327M
 Large Page Support: Disabled
 NUMA Support: Disabled
 Compressed Oops: Enabled (Zero based)
 Heap Region Size: 2M
 Heap Min Capacity: 8M
 Heap Initial Capacity: 256M
 Heap Max Capacity: 4082M
 Pre-touch: Disabled
 Parallel Workers: 4
 Concurrent Workers: 1
 Concurrent Refinement Workers: 4
 Periodic GC: Disabled
Heap:
 garbage-first heap   total 75776K, used 39191K [0x0000000700e00000, 0x0000000800000000)
  region size 2048K, 9 young (18432K), 1 survivors (2048K)
 Metaspace       used 51624K, committed 52160K, reserved 1097728K
  class space    used 6314K, committed 6592K, reserved 1048576K
GC Heap History (20 events):
Event: 2366.610 GC heap before
{Heap before GC invocations=31 (full 0):
 garbage-first heap   total 75776K, used 63787K [0x0000000700e00000, 0x0000000800000000)
  region size 2048K, 20 young (40960K), 1 survivors (2048K)
 Metaspace       used 51603K, committed 52160K, reserved 1097728K
  class space    used 6313K, committed 6592K, reserved 1048576K
}
Event: 2366.612 GC heap after
{Heap after GC invocations=32 (full 0):
 garbage-first heap   total 75776K, used 24862K [0x0000000700e00000, 0x0000000800000000)
  region size 2048K, 1 young (2048K), 1 survivors (2048K)
 Metaspace       used 51603K, committed 52160K, reserved 1097728K
  class space    used 6313K, committed 6592K, reserved 1048576K
}
Event: 2367.194 GC heap before
{Heap before GC invocations=32 (full 0):
 garbage-first heap   total 75776K, used 63774K [0x0000000700e00000, 0x0000000800000000)
  region size 2048K, 20 young (40960K), 1 survivors (2048K)
 Metaspace       used 51604K, committed 52160K, reserved 1097728K
  class space    used 6313K, committed 6592K, reserved 1048576K
}
Event: 2367.196 GC heap after
{Heap after GC invocations=33 (full 0):
 garbage-first heap   total 75776K, used 24887K [0x0000000700e00000, 0x0000000800000000)
  region size 2048K, 1 young (2048K), 1 survivors (2048K)
 Metaspace       used 51604K, committed 52160K, reserved 1097728K
  class space    used 6313K, committed 6592K, reserved 1048576K
}
Event: 2367.769 GC heap before
{Heap before GC invocations=33 (full 0):
 garbage-first heap   total 75776K, used 63799K [0x0000000700e00000, 0x0000000800000000)
  region size 2048K, 20 young (40960K), 1 survivors (2048K)
 Metaspace       used 51613K, committed 52160K, reserved 1097728K
  class space    used 6314K, committed 6592K, reserved 1048576K
}
Event: 2367.771 GC heap after
{Heap after GC invocations=34 (full 0):
 garbage-first heap   total 75776K, used 24842K [0x0000000700e00000, 0x0000000800000000)
  region size 2048K, 1 young (2048K), 1 survivors (2048K)
 Metaspace       used 51613K, committed 52160K, reserved 1097728K
  class space    used 6314K, committed 6592K, reserved 1048576K
}
Event: 2368.397 GC heap before
{Heap before GC invocations=34 (full 0):
 garbage-first heap   total 75776K, used 61706K [0x0000000700e00000, 0x0000000800000000)
  region size 2048K, 20 young (40960K), 1 survivors (2048K)
 Metaspace       used 51613K, committed 52160K, reserved 1097728K
  class space    used 6314K, committed 6592K, reserved 1048576K
}
Event: 2368.398 GC heap after
{Heap after GC invocations=35 (full 0):
 garbage-first heap   total 75776K, used 24860K [0x0000000700e00000, 0x0000000800000000)
  region size 2048K, 1 young (2048K), 1 survivors (2048K)
 Metaspace       used 51613K, committed 52160K, reserved 1097728K
  class space    used 6314K, committed 6592K, reserved 1048576K
}
Event: 2369.015 GC heap before
{Heap before GC invocations=35 (full 0):
 garbage-first heap   total 75776K, used 61724K [0x0000000700e00000, 0x0000000800000000)
  region size 2048K, 20 young (40960K), 1 survivors (2048K)
 Metaspace       used 51613K, committed 52160K, reserved 1097728K
  class space    used 6314K, committed 6592K, reserved 1048576K
}
Event: 2369.017 GC heap after
{Heap after GC invocations=36 (full 0):
 garbage-first heap   total 75776K, used 24901K [0x0000000700e00000, 0x0000000800000000)
  region size 2048K, 1 young (2048K), 1 survivors (2048K)
 Metaspace       used 51613K, committed 52160K, reserved 1097728K
  class space    used 6314K, committed 6592K, reserved 1048576K
}
Event: 2369.650 GC heap before
{Heap before GC invocations=36 (full 0):
 garbage-first heap   total 75776K, used 63813K [0x0000000700e00000, 0x0000000800000000)
  region size 2048K, 20 young (40960K), 1 survivors (2048K)
 Metaspace       used 51613K, committed 52160K, reserved 1097728K
  class space    used 6314K, committed 6592K, reserved 1048576K
}
Event: 2369.651 GC heap after
{Heap after GC invocations=37 (full 0):
 garbage-first heap   total 75776K, used 24994K [0x0000000700e00000, 0x0000000800000000)
  region size 2048K, 1 young (2048K), 1 survivors (2048K)
 Metaspace       used 51613K, committed 52160K, reserved 1097728K
  class space    used 6314K, committed 6592K, reserved 1048576K
}
Event: 2370.274 GC heap before
{Heap before GC invocations=37 (full 0):
 garbage-first heap   total 75776K, used 63906K [0x0000000700e00000, 0x0000000800000000)
  region size 2048K, 20 young (40960K), 1 survivors (2048K)
 Metaspace       used 51613K, committed 52160K, reserved 1097728K
  class space    used 6314K, committed 6592K, reserved 1048576K
}
Event: 2370.276 GC heap after
{Heap after GC invocations=38 (full 0):
 garbage-first heap   total 75776K, used 24874K [0x0000000700e00000, 0x0000000800000000)
  region size 2048K, 1 young (2048K), 1 survivors (2048K)
 Metaspace       used 51613K, committed 52160K, reserved 1097728K
  class space    used 6314K, committed 6592K, reserved 1048576K
}
Event: 2371.046 GC heap before
{Heap before GC invocations=38 (full 0):
 garbage-first heap   total 75776K, used 63786K [0x0000000700e00000, 0x0000000800000000)
  region size 2048K, 20 young (40960K), 1 survivors (2048K)
 Metaspace       used 51624K, committed 52160K, reserved 1097728K
  class space    used 6314K, committed 6592K, reserved 1048576K
}
Event: 2371.047 GC heap after
{Heap after GC invocations=39 (full 0):
 garbage-first heap   total 75776K, used 25051K [0x0000000700e00000, 0x0000000800000000)
  region size 2048K, 1 young (2048K), 1 survivors (2048K)
 Metaspace       used 51624K, committed 52160K, reserved 1097728K
  class space    used 6314K, committed 6592K, reserved 1048576K
}
Event: 2371.582 GC heap before
{Heap before GC invocations=39 (full 0):
 garbage-first heap   total 75776K, used 63963K [0x0000000700e00000, 0x0000000800000000)
  region size 2048K, 20 young (40960K), 1 survivors (2048K)
 Metaspace       used 51624K, committed 52160K, reserved 1097728K
  class space    used 6314K, committed 6592K, reserved 1048576K
}
Event: 2371.583 GC heap after
{Heap after GC invocations=40 (full 0):
 garbage-first heap   total 75776K, used 24949K [0x0000000700e00000, 0x0000000800000000)
  region size 2048K, 1 young (2048K), 1 survivors (2048K)
 Metaspace       used 51624K, committed 52160K, reserved 1097728K
  class space    used 6314K, committed 6592K, reserved 1048576K
}
Event: 2372.122 GC heap before
{Heap before GC invocations=40 (full 0):
 garbage-first heap   total 75776K, used 63861K [0x0000000700e00000, 0x0000000800000000)
  region size 2048K, 20 young (40960K), 1 survivors (2048K)
 Metaspace       used 51624K, committed 52160K, reserved 1097728K
  class space    used 6314K, committed 6592K, reserved 1048576K
}
Event: 2372.123 GC heap after
{Heap after GC invocations=41 (full 0):
 garbage-first heap   total 75776K, used 24855K [0x0000000700e00000, 0x0000000800000000)
  region size 2048K, 1 young (2048K), 1 survivors (2048K)
 Metaspace       used 51624K, committed 52160K, reserved 1097728K
  class space    used 6314K, committed 6592K, reserved 1048576K
}

